<?xml version="1.0" encoding="UTF-8"?>
<!-- Generated by org.testng.reporters.JUnitReportReporter -->
<testsuite name="TestCalculator" tests="8" time="0.011" ignored="0" failures="0" timestamp="20 十二月 2017 09:28:39 GMT" skipped="0" hostname="john-PC" errors="0">
  <testcase name="tt_add" time="0.000" classname="TestCalculator"/>
  <testcase name="tt_sub" time="0.000" classname="TestCalculator"/>
  <testcase name="tt_add" time="0.001" classname="TestCalculator"/>
  <testcase name="tt_add" time="0.000" classname="TestCalculator"/>
  <testcase name="tt_sub" time="0.000" classname="TestCalculator"/>
  <testcase name="tt_add" time="0.009" classname="TestCalculator"/>
  <testcase name="tt_add" time="0.000" classname="TestCalculator"/>
  <testcase name="tt_sub" time="0.001" classname="TestCalculator"/>
</testsuite> <!-- TestCalculator -->
